<?xml version="1.0" encoding="UTF-8"?>
<testsuite name="com.kensai.poc.scio.ScioWordCountTest" tests="1" skipped="0" failures="0" errors="0" timestamp="2021-02-21T10:14:48" hostname="Dojo" time="2.777">
  <properties/>
  <testcase name="ScioWordCount should work" classname="com.kensai.poc.scio.ScioWordCountTest" time="2.777"/>
  <system-out><![CDATA[]]></system-out>
  <system-err><![CDATA[[Test worker-ScalaTest-running-ScioWordCountTest] INFO com.kensai.poc.scio.ScioWordCount$ - Count words on [in.txt] with Scio/Beam and write into [out.txt]
]]></system-err>
</testsuite>
